# JRE version: OpenJDK Runtime Environment (11.0.10) (build 11.0.10+0-b96-7249189)
# Java VM: OpenJDK 64-Bit Server VM (11.0.10+0-b96-7249189, mixed mode, tiered, compressed oops, g1 gc, windows-amd64)
Heap:
 garbage-first heap   total 131072K, used 44072K [0x0000000080000000, 0x0000000100000000)
  region size 1024K, 3 young (3072K), 3 survivors (3072K)
 Metaspace       used 56489K, capacity 57949K, committed 58112K, reserved 1099776K
  class space    used 7169K, capacity 7663K, committed 7680K, reserved 1048576K
GC Heap History (16 events):
Event: 1.047 GC heap before
{Heap before GC invocations=0 (full 0):
 garbage-first heap   total 131072K, used 29696K [0x0000000080000000, 0x0000000100000000)
  region size 1024K, 24 young (24576K), 0 survivors (0K)
 Metaspace       used 10153K, capacity 10403K, committed 10624K, reserved 1058816K
  class space    used 1059K, capacity 1106K, committed 1152K, reserved 1048576K
}
Event: 1.052 GC heap after
{Heap after GC invocations=1 (full 0):
 garbage-first heap   total 131072K, used 9457K [0x0000000080000000, 0x0000000100000000)
  region size 1024K, 3 young (3072K), 3 survivors (3072K)
 Metaspace       used 10153K, capacity 10403K, committed 10624K, reserved 1058816K
  class space    used 1059K, capacity 1106K, committed 1152K, reserved 1048576K
}
Event: 6.201 GC heap before
{Heap before GC invocations=1 (full 0):
 garbage-first heap   total 131072K, used 84209K [0x0000000080000000, 0x0000000100000000)
  region size 1024K, 76 young (77824K), 3 survivors (3072K)
 Metaspace       used 17747K, capacity 18232K, committed 18432K, reserved 1064960K
  class space    used 2085K, capacity 2238K, committed 2304K, reserved 1048576K
}
Event: 6.209 GC heap after
{Heap after GC invocations=2 (full 0):
 garbage-first heap   total 131072K, used 16355K [0x0000000080000000, 0x0000000100000000)
  region size 1024K, 10 young (10240K), 10 survivors (10240K)
 Metaspace       used 17747K, capacity 18232K, committed 18432K, reserved 1064960K
  class space    used 2085K, capacity 2238K, committed 2304K, reserved 1048576K
}
Event: 6.618 GC heap before
{Heap before GC invocations=2 (full 0):
 garbage-first heap   total 131072K, used 39907K [0x0000000080000000, 0x0000000100000000)
  region size 1024K, 34 young (34816K), 10 survivors (10240K)
 Metaspace       used 20553K, capacity 21104K, committed 21248K, reserved 1067008K
  class space    used 2501K, capacity 2690K, committed 2816K, reserved 1048576K
}
Event: 6.626 GC heap after
{Heap after GC invocations=3 (full 0):
 garbage-first heap   total 131072K, used 17132K [0x0000000080000000, 0x0000000100000000)
  region size 1024K, 2 young (2048K), 2 survivors (2048K)
 Metaspace       used 20553K, capacity 21104K, committed 21248K, reserved 1067008K
  class space    used 2501K, capacity 2690K, committed 2816K, reserved 1048576K
}
Event: 7.209 GC heap before
{Heap before GC invocations=4 (full 0):
 garbage-first heap   total 131072K, used 71404K [0x0000000080000000, 0x0000000100000000)
  region size 1024K, 56 young (57344K), 2 survivors (2048K)
 Metaspace       used 26034K, capacity 26727K, committed 27008K, reserved 1073152K
  class space    used 3402K, capacity 3633K, committed 3712K, reserved 1048576K
}
Event: 7.212 GC heap after
{Heap after GC invocations=5 (full 0):
 garbage-first heap   total 131072K, used 18599K [0x0000000080000000, 0x0000000100000000)
  region size 1024K, 3 young (3072K), 3 survivors (3072K)
 Metaspace       used 26034K, capacity 26727K, committed 27008K, reserved 1073152K
  class space    used 3402K, capacity 3633K, committed 3712K, reserved 1048576K
}
Event: 8.758 GC heap before
{Heap before GC invocations=5 (full 0):
 garbage-first heap   total 131072K, used 73895K [0x0000000080000000, 0x0000000100000000)
  region size 1024K, 59 young (60416K), 3 survivors (3072K)
 Metaspace       used 35054K, capacity 35806K, committed 35840K, reserved 1081344K
  class space    used 4532K, capacity 4832K, committed 4864K, reserved 1048576K
}
Event: 8.770 GC heap after
{Heap after GC invocations=6 (full 0):
 garbage-first heap   total 131072K, used 22100K [0x0000000080000000, 0x0000000100000000)
  region size 1024K, 6 young (6144K), 6 survivors (6144K)
 Metaspace       used 35054K, capacity 35806K, committed 35840K, reserved 1081344K
  class space    used 4532K, capacity 4832K, committed 4864K, reserved 1048576K
}
Event: 10.068 GC heap before
{Heap before GC invocations=7 (full 0):
 garbage-first heap   total 131072K, used 88660K [0x0000000080000000, 0x0000000100000000)
  region size 1024K, 69 young (70656K), 6 survivors (6144K)
 Metaspace       used 40607K, capacity 41577K, committed 41728K, reserved 1085440K
  class space    used 5242K, capacity 5614K, committed 5632K, reserved 1048576K
}
Event: 10.076 GC heap after
{Heap after GC invocations=8 (full 0):
 garbage-first heap   total 131072K, used 26245K [0x0000000080000000, 0x0000000100000000)
  region size 1024K, 8 young (8192K), 8 survivors (8192K)
 Metaspace       used 40607K, capacity 41577K, committed 41728K, reserved 1085440K
  class space    used 5242K, capacity 5614K, committed 5632K, reserved 1048576K
}
Event: 10.869 GC heap before
{Heap before GC invocations=8 (full 0):
 garbage-first heap   total 131072K, used 89733K [0x0000000080000000, 0x0000000100000000)
  region size 1024K, 70 young (71680K), 8 survivors (8192K)
 Metaspace       used 45643K, capacity 46704K, committed 46720K, reserved 1089536K
  class space    used 5855K, capacity 6259K, committed 6272K, reserved 1048576K
}
Event: 10.877 GC heap after
{Heap after GC invocations=9 (full 0):
 garbage-first heap   total 131072K, used 28778K [0x0000000080000000, 0x0000000100000000)
  region size 1024K, 7 young (7168K), 7 survivors (7168K)
 Metaspace       used 45643K, capacity 46704K, committed 46720K, reserved 1089536K
  class space    used 5855K, capacity 6259K, committed 6272K, reserved 1048576K
}
Event: 13.336 GC heap before
{Heap before GC invocations=9 (full 0):
 garbage-first heap   total 131072K, used 96362K [0x0000000080000000, 0x0000000100000000)
  region size 1024K, 70 young (71680K), 7 survivors (7168K)
 Metaspace       used 49629K, capacity 51039K, committed 51200K, reserved 1093632K
  class space    used 6315K, capacity 6792K, committed 6912K, reserved 1048576K
}
Event: 13.351 GC heap after
{Heap after GC invocations=10 (full 0):
 garbage-first heap   total 131072K, used 41319K [0x0000000080000000, 0x0000000100000000)
  region size 1024K, 9 young (9216K), 9 survivors (9216K)
 Metaspace       used 49629K, capacity 51039K, committed 51200K, reserved 1093632K
  class space    used 6315K, capacity 6792K, committed 6912K, reserved 1048576K
}

