# JRE version: OpenJDK Runtime Environment (11.0.10) (build 11.0.10+0-b96-7249189)
# Java VM: OpenJDK 64-Bit Server VM (11.0.10+0-b96-7249189, mixed mode, tiered, compressed oops, g1 gc, windows-amd64)
Heap:
 garbage-first heap   total 802816K, used 188354K [0x0000000080000000, 0x0000000100000000)
  region size 1024K, 10 young (10240K), 10 survivors (10240K)
 Metaspace       used 119718K, capacity 123469K, committed 123648K, reserved 1157120K
  class space    used 15218K, capacity 16565K, committed 16640K, reserved 1048576K
GC Heap History (20 events):
Event: 55.007 GC heap after
{Heap after GC invocations=64 (full 0):
 garbage-first heap   total 189440K, used 111927K [0x0000000080000000, 0x0000000100000000)
  region size 1024K, 1 young (1024K), 1 survivors (1024K)
 Metaspace       used 109623K, capacity 112762K, committed 113024K, reserved 1146880K
  class space    used 13764K, capacity 14860K, committed 14976K, reserved 1048576K
}
Event: 55.104 GC heap before
{Heap before GC invocations=64 (full 0):
 garbage-first heap   total 189440K, used 160055K [0x0000000080000000, 0x0000000100000000)
  region size 1024K, 49 young (50176K), 1 survivors (1024K)
 Metaspace       used 110119K, capacity 113327K, committed 113536K, reserved 1148928K
  class space    used 13830K, capacity 14941K, committed 14976K, reserved 1048576K
}
Event: 55.110 GC heap after
{Heap after GC invocations=65 (full 0):
 garbage-first heap   total 189440K, used 117684K [0x0000000080000000, 0x0000000100000000)
  region size 1024K, 7 young (7168K), 7 survivors (7168K)
 Metaspace       used 110119K, capacity 113327K, committed 113536K, reserved 1148928K
  class space    used 13830K, capacity 14941K, committed 14976K, reserved 1048576K
}
Event: 55.264 GC heap before
{Heap before GC invocations=65 (full 0):
 garbage-first heap   total 189440K, used 158644K [0x0000000080000000, 0x0000000100000000)
  region size 1024K, 48 young (49152K), 7 survivors (7168K)
 Metaspace       used 110874K, capacity 114104K, committed 114176K, reserved 1148928K
  class space    used 13945K, capacity 15080K, committed 15104K, reserved 1048576K
}
Event: 55.281 GC heap after
{Heap after GC invocations=66 (full 0):
 garbage-first heap   total 227328K, used 125774K [0x0000000080000000, 0x0000000100000000)
  region size 1024K, 6 young (6144K), 6 survivors (6144K)
 Metaspace       used 110874K, capacity 114104K, committed 114176K, reserved 1148928K
  class space    used 13945K, capacity 15080K, committed 15104K, reserved 1048576K
}
Event: 55.678 GC heap before
{Heap before GC invocations=67 (full 0):
 garbage-first heap   total 227328K, used 181070K [0x0000000080000000, 0x0000000100000000)
  region size 1024K, 61 young (62464K), 6 survivors (6144K)
 Metaspace       used 111234K, capacity 114499K, committed 114816K, reserved 1148928K
  class space    used 13982K, capacity 15126K, committed 15232K, reserved 1048576K
}
Event: 55.740 GC heap after
{Heap after GC invocations=68 (full 0):
 garbage-first heap   total 227328K, used 139368K [0x0000000080000000, 0x0000000100000000)
  region size 1024K, 8 young (8192K), 8 survivors (8192K)
 Metaspace       used 111234K, capacity 114499K, committed 114816K, reserved 1148928K
  class space    used 13982K, capacity 15126K, committed 15232K, reserved 1048576K
}
Event: 55.972 GC heap before
{Heap before GC invocations=68 (full 0):
 garbage-first heap   total 227328K, used 183400K [0x0000000080000000, 0x0000000100000000)
  region size 1024K, 53 young (54272K), 8 survivors (8192K)
 Metaspace       used 112182K, capacity 115490K, committed 115712K, reserved 1148928K
  class space    used 14127K, capacity 15287K, committed 15360K, reserved 1048576K
}
Event: 55.995 GC heap after
{Heap after GC invocations=69 (full 0):
 garbage-first heap   total 227328K, used 148928K [0x0000000080000000, 0x0000000100000000)
  region size 1024K, 7 young (7168K), 7 survivors (7168K)
 Metaspace       used 112182K, capacity 115490K, committed 115712K, reserved 1148928K
  class space    used 14127K, capacity 15287K, committed 15360K, reserved 1048576K
}
Event: 56.131 GC heap before
{Heap before GC invocations=69 (full 0):
 garbage-first heap   total 227328K, used 183744K [0x0000000080000000, 0x0000000100000000)
  region size 1024K, 42 young (43008K), 7 survivors (7168K)
 Metaspace       used 113215K, capacity 116601K, committed 116864K, reserved 1150976K
  class space    used 14253K, capacity 15441K, committed 15488K, reserved 1048576K
}
Event: 56.145 GC heap after
{Heap after GC invocations=70 (full 0):
 garbage-first heap   total 227328K, used 156369K [0x0000000080000000, 0x0000000100000000)
  region size 1024K, 6 young (6144K), 6 survivors (6144K)
 Metaspace       used 113215K, capacity 116601K, committed 116864K, reserved 1150976K
  class space    used 14253K, capacity 15441K, committed 15488K, reserved 1048576K
}
Event: 56.408 GC heap before
{Heap before GC invocations=70 (full 0):
 garbage-first heap   total 227328K, used 186065K [0x0000000080000000, 0x0000000100000000)
  region size 1024K, 36 young (36864K), 6 survivors (6144K)
 Metaspace       used 115614K, capacity 119091K, committed 119168K, reserved 1153024K
  class space    used 14687K, capacity 15933K, committed 16000K, reserved 1048576K
}
Event: 56.439 GC heap after
{Heap after GC invocations=71 (full 0):
 garbage-first heap   total 478208K, used 161164K [0x0000000080000000, 0x0000000100000000)
  region size 1024K, 5 young (5120K), 5 survivors (5120K)
 Metaspace       used 115614K, capacity 119091K, committed 119168K, reserved 1153024K
  class space    used 14687K, capacity 15933K, committed 16000K, reserved 1048576K
}
Event: 56.889 GC heap before
{Heap before GC invocations=71 (full 0):
 garbage-first heap   total 478208K, used 264588K [0x0000000080000000, 0x0000000100000000)
  region size 1024K, 106 young (108544K), 5 survivors (5120K)
 Metaspace       used 117810K, capacity 121451K, committed 121600K, reserved 1155072K
  class space    used 15026K, capacity 16307K, committed 16384K, reserved 1048576K
}
Event: 56.919 GC heap after
{Heap after GC invocations=72 (full 0):
 garbage-first heap   total 478208K, used 168811K [0x0000000080000000, 0x0000000100000000)
  region size 1024K, 13 young (13312K), 13 survivors (13312K)
 Metaspace       used 117810K, capacity 121451K, committed 121600K, reserved 1155072K
  class space    used 15026K, capacity 16307K, committed 16384K, reserved 1048576K
}
Event: 57.493 GC heap before
{Heap before GC invocations=72 (full 0):
 garbage-first heap   total 478208K, used 298859K [0x0000000080000000, 0x0000000100000000)
  region size 1024K, 140 young (143360K), 13 survivors (13312K)
 Metaspace       used 118992K, capacity 122677K, committed 122752K, reserved 1155072K
  class space    used 15153K, capacity 16474K, committed 16512K, reserved 1048576K
}
Event: 57.517 GC heap after
{Heap after GC invocations=73 (full 0):
 garbage-first heap   total 478208K, used 178484K [0x0000000080000000, 0x0000000100000000)
  region size 1024K, 18 young (18432K), 18 survivors (18432K)
 Metaspace       used 118992K, capacity 122677K, committed 122752K, reserved 1155072K
  class space    used 15153K, capacity 16474K, committed 16512K, reserved 1048576K
}
Event: 57.892 GC heap before
{Heap before GC invocations=73 (full 0):
 garbage-first heap   total 478208K, used 334132K [0x0000000080000000, 0x0000000100000000)
  region size 1024K, 170 young (174080K), 18 survivors (18432K)
 Metaspace       used 119288K, capacity 123011K, committed 123136K, reserved 1155072K
  class space    used 15218K, capacity 16565K, committed 16640K, reserved 1048576K
}
Event: 57.917 GC heap after
{Heap after GC invocations=74 (full 0):
 garbage-first heap   total 478208K, used 181962K [0x0000000080000000, 0x0000000100000000)
  region size 1024K, 13 young (13312K), 13 survivors (13312K)
 Metaspace       used 119288K, capacity 123011K, committed 123136K, reserved 1155072K
  class space    used 15218K, capacity 16565K, committed 16640K, reserved 1048576K
}
Event: 58.462 GC heap before
{Heap before GC invocations=74 (full 0):
 garbage-first heap   total 478208K, used 348874K [0x0000000080000000, 0x0000000100000000)
  region size 1024K, 176 young (180224K), 13 survivors (13312K)
 Metaspace       used 119718K, capacity 123469K, committed 123648K, reserved 1157120K
  class space    used 15218K, capacity 16565K, committed 16640K, reserved 1048576K
}

