# JRE version: OpenJDK Runtime Environment (11.0.10) (build 11.0.10+0-b96-7249189)
# Java VM: OpenJDK 64-Bit Server VM (11.0.10+0-b96-7249189, mixed mode, tiered, compressed oops, g1 gc, windows-amd64)
Heap:
 garbage-first heap   total 723968K, used 159672K [0x0000000080000000, 0x0000000100000000)
  region size 1024K, 22 young (22528K), 22 survivors (22528K)
 Metaspace       used 97656K, capacity 100463K, committed 100556K, reserved 1136640K
  class space    used 12866K, capacity 13974K, committed 14028K, reserved 1048576K
GC Heap History (20 events):
Event: 18.054 GC heap after
{Heap after GC invocations=30 (full 0):
 garbage-first heap   total 161792K, used 114477K [0x0000000080000000, 0x0000000100000000)
  region size 1024K, 4 young (4096K), 4 survivors (4096K)
 Metaspace       used 89016K, capacity 91369K, committed 91596K, reserved 1128448K
  class space    used 11616K, capacity 12469K, committed 12492K, reserved 1048576K
}
Event: 18.091 GC heap before
{Heap before GC invocations=30 (full 0):
 garbage-first heap   total 161792K, used 131885K [0x0000000080000000, 0x0000000100000000)
  region size 1024K, 22 young (22528K), 4 survivors (4096K)
 Metaspace       used 89119K, capacity 91433K, committed 91596K, reserved 1128448K
  class space    used 11626K, capacity 12469K, committed 12492K, reserved 1048576K
}
Event: 18.098 GC heap after
{Heap after GC invocations=31 (full 0):
 garbage-first heap   total 161792K, used 117984K [0x0000000080000000, 0x0000000100000000)
  region size 1024K, 3 young (3072K), 3 survivors (3072K)
 Metaspace       used 89119K, capacity 91433K, committed 91596K, reserved 1128448K
  class space    used 11626K, capacity 12469K, committed 12492K, reserved 1048576K
}
Event: 18.170 GC heap before
{Heap before GC invocations=31 (full 0):
 garbage-first heap   total 161792K, used 134368K [0x0000000080000000, 0x0000000100000000)
  region size 1024K, 19 young (19456K), 3 survivors (3072K)
 Metaspace       used 89837K, capacity 92178K, committed 92236K, reserved 1128448K
  class space    used 11706K, capacity 12568K, committed 12620K, reserved 1048576K
}
Event: 18.177 GC heap after
{Heap after GC invocations=32 (full 0):
 garbage-first heap   total 223232K, used 121040K [0x0000000080000000, 0x0000000100000000)
  region size 1024K, 3 young (3072K), 3 survivors (3072K)
 Metaspace       used 89837K, capacity 92178K, committed 92236K, reserved 1128448K
  class space    used 11706K, capacity 12568K, committed 12620K, reserved 1048576K
}
Event: 18.355 GC heap before
{Heap before GC invocations=33 (full 0):
 garbage-first heap   total 223232K, used 157904K [0x0000000080000000, 0x0000000100000000)
  region size 1024K, 40 young (40960K), 3 survivors (3072K)
 Metaspace       used 91925K, capacity 94440K, committed 94668K, reserved 1130496K
  class space    used 12155K, capacity 13142K, committed 13260K, reserved 1048576K
}
Event: 18.364 GC heap after
{Heap after GC invocations=34 (full 0):
 garbage-first heap   total 223232K, used 126254K [0x0000000080000000, 0x0000000100000000)
  region size 1024K, 5 young (5120K), 5 survivors (5120K)
 Metaspace       used 91925K, capacity 94440K, committed 94668K, reserved 1130496K
  class space    used 12155K, capacity 13142K, committed 13260K, reserved 1048576K
}
Event: 18.488 GC heap before
{Heap before GC invocations=34 (full 0):
 garbage-first heap   total 223232K, used 163118K [0x0000000080000000, 0x0000000100000000)
  region size 1024K, 42 young (43008K), 5 survivors (5120K)
 Metaspace       used 93488K, capacity 96155K, committed 96460K, reserved 1132544K
  class space    used 12421K, capacity 13439K, committed 13516K, reserved 1048576K
}
Event: 18.531 GC heap after
{Heap after GC invocations=35 (full 0):
 garbage-first heap   total 223232K, used 130760K [0x0000000080000000, 0x0000000100000000)
  region size 1024K, 5 young (5120K), 5 survivors (5120K)
 Metaspace       used 93488K, capacity 96155K, committed 96460K, reserved 1132544K
  class space    used 12421K, capacity 13439K, committed 13516K, reserved 1048576K
}
Event: 18.646 GC heap before
{Heap before GC invocations=35 (full 0):
 garbage-first heap   total 223232K, used 169672K [0x0000000080000000, 0x0000000100000000)
  region size 1024K, 43 young (44032K), 5 survivors (5120K)
 Metaspace       used 93724K, capacity 96418K, committed 96460K, reserved 1132544K
  class space    used 12467K, capacity 13504K, committed 13516K, reserved 1048576K
}
Event: 18.674 GC heap after
{Heap after GC invocations=36 (full 0):
 garbage-first heap   total 223232K, used 137403K [0x0000000080000000, 0x0000000100000000)
  region size 1024K, 6 young (6144K), 6 survivors (6144K)
 Metaspace       used 93724K, capacity 96418K, committed 96460K, reserved 1132544K
  class space    used 12467K, capacity 13504K, committed 13516K, reserved 1048576K
}
Event: 18.937 GC heap before
{Heap before GC invocations=37 (full 0):
 garbage-first heap   total 223232K, used 174267K [0x0000000080000000, 0x0000000100000000)
  region size 1024K, 42 young (43008K), 6 survivors (6144K)
 Metaspace       used 94007K, capacity 96691K, committed 96844K, reserved 1132544K
  class space    used 12534K, capacity 13572K, committed 13644K, reserved 1048576K
}
Event: 18.953 GC heap after
{Heap after GC invocations=38 (full 0):
 garbage-first heap   total 528384K, used 140688K [0x0000000080000000, 0x0000000100000000)
  region size 1024K, 4 young (4096K), 4 survivors (4096K)
 Metaspace       used 94007K, capacity 96691K, committed 96844K, reserved 1132544K
  class space    used 12534K, capacity 13572K, committed 13644K, reserved 1048576K
}
Event: 19.497 GC heap before
{Heap before GC invocations=38 (full 0):
 garbage-first heap   total 528384K, used 269712K [0x0000000080000000, 0x0000000100000000)
  region size 1024K, 130 young (133120K), 4 survivors (4096K)
 Metaspace       used 94695K, capacity 97348K, committed 97612K, reserved 1132544K
  class space    used 12574K, capacity 13610K, committed 13644K, reserved 1048576K
}
Event: 19.519 GC heap after
{Heap after GC invocations=39 (full 0):
 garbage-first heap   total 528384K, used 144171K [0x0000000080000000, 0x0000000100000000)
  region size 1024K, 7 young (7168K), 7 survivors (7168K)
 Metaspace       used 94695K, capacity 97348K, committed 97612K, reserved 1132544K
  class space    used 12574K, capacity 13610K, committed 13644K, reserved 1048576K
}
Event: 20.520 GC heap before
{Heap before GC invocations=39 (full 0):
 garbage-first heap   total 528384K, used 358187K [0x0000000080000000, 0x0000000100000000)
  region size 1024K, 217 young (222208K), 7 survivors (7168K)
 Metaspace       used 96397K, capacity 99210K, committed 99404K, reserved 1134592K
  class space    used 12739K, capacity 13820K, committed 13900K, reserved 1048576K
}
Event: 20.536 GC heap after
{Heap after GC invocations=40 (full 0):
 garbage-first heap   total 528384K, used 147890K [0x0000000080000000, 0x0000000100000000)
  region size 1024K, 11 young (11264K), 11 survivors (11264K)
 Metaspace       used 96397K, capacity 99210K, committed 99404K, reserved 1134592K
  class space    used 12739K, capacity 13820K, committed 13900K, reserved 1048576K
}
Event: 21.110 GC heap before
{Heap before GC invocations=40 (full 0):
 garbage-first heap   total 528384K, used 388530K [0x0000000080000000, 0x0000000100000000)
  region size 1024K, 247 young (252928K), 11 survivors (11264K)
 Metaspace       used 97170K, capacity 99974K, committed 100044K, reserved 1134592K
  class space    used 12864K, capacity 13971K, committed 14028K, reserved 1048576K
}
Event: 21.131 GC heap after
{Heap after GC invocations=41 (full 0):
 garbage-first heap   total 528384K, used 152203K [0x0000000080000000, 0x0000000100000000)
  region size 1024K, 15 young (15360K), 15 survivors (15360K)
 Metaspace       used 97170K, capacity 99974K, committed 100044K, reserved 1134592K
  class space    used 12864K, capacity 13971K, committed 14028K, reserved 1048576K
}
Event: 21.860 GC heap before
{Heap before GC invocations=41 (full 0):
 garbage-first heap   total 528384K, used 410251K [0x0000000080000000, 0x0000000100000000)
  region size 1024K, 267 young (273408K), 15 survivors (15360K)
 Metaspace       used 97656K, capacity 100463K, committed 100556K, reserved 1136640K
  class space    used 12866K, capacity 13974K, committed 14028K, reserved 1048576K
}

